(---------------------------------------------------------------------)
(                                                                     )
(    Allegro Netrev Import Logic                                      )
(                                                                     )
(    Drawing          : my_micro_usb.brd                              )
(    Software Version : 16.6S034                                      )
(    Date/Time        : Thu Jul 18 14:13:53 2019                      )
(                                                                     )
(---------------------------------------------------------------------)


------ Directives ------------

Ripup etch:                  No
Ripup delete first segment:  No
Ripup retain bondwire:       No
Ripup symbols:               Always
Missing symbol has error:    No
DRC update:                  Yes
Schematic directory:         'C:/Users/user/Desktop/work/avrusb500'
Design Directory:            '.'
Old design name:             'my_micro_usb.brd'
New design name:             'my_micro_usb.brd'

CmdLine: netrev -$ -i C:/Users/user/Desktop/work/avrusb500 -y 1 -q netrev_constraint_report.xml C:/Users/user/Desktop/work/avrusb500/symbols/#Taaaaaz04616.tmp

------ Preparing to read pst files ------


#1   ERROR(24) File not found
     Packager files not found

#2   ERROR(102) Run stopped because errors were detected

netrev run on Jul 18 14:13:53 2019

   COMPILE 'logic'
   CHECK_PIN_NAMES OFF
   CROSS_REFERENCE OFF
   FEEDBACK OFF
   INCREMENTAL OFF
   INTERFACE_TYPE PHYSICAL
   MAX_ERRORS 500
   MERGE_MINIMUM 5
   NET_NAME_CHARS '#%&()*+-./:=>?@[]^_`|'
   NET_NAME_LENGTH 24
   OVERSIGHTS ON
   REPLACE_CHECK OFF
   SINGLE_NODE_NETS ON
   SPLIT_MINIMUM 0
   SUPPRESS   20
   WARNINGS ON

  2 errors detected
 No oversight detected
 No warning detected

cpu time      0:00:12
elapsed time  0:00:00

