(---------------------------------------------------------------------)
(                                                                     )
(    Auto Silkscreen Log File                                         )
(                                                                     )
(    Drawing          : AVRUSB500.brd                                 )
(    Software Version : 16.6S034                                      )
(    Date/Time        : Fri Jul 19 11:15:44 2019                      )
(                                                                     )
(---------------------------------------------------------------------)


Generating Auto Silkscreen for the top of the board.

Copying all elements.

Element to Pad clearance is 0.0000
Max Text displacement is 2.5400
Min Line Length is 0.0000
Allowing 0 degree text rotation.
Text Allowed Under Components.
Subclass Selections:
 Board Geometry       : Silkscreen
 Component Value      : Silkscreen
 Device Type          : Silkscreen
 Package Geometry     : Silkscreen
 Reference Designator : Silkscreen
 Tolerance            : Silkscreen
 User Part Number     : Silkscreen

Text string 'C10' is not at a suitable location
(location: 2.1110, 11.3780)

Total Failures: 1

Log End

